INFO:root:An INFO
WARNING:root:A WARNING
ERROR:root:An ERROR
CRITICAL:root:A message of CRITICAL severity
INFO:telethon.network.mtprotosender:Connecting to 149.154.167.51:443/TcpFull...
INFO:telethon.network.mtprotosender:Connection to 149.154.167.51:443/TcpFull complete!
INFO:root:new event
INFO:root:Сейчас если каникулы продлят то структуру на февраль перенесут ,и прийдется кибер зубрить
INFO:root:new event
INFO:root:Да ты что, ты хоть в жизни был в теплице когда на улице 40 там больше 50 будет
INFO:root:new event
INFO:root:Зубри
INFO:root:new event
INFO:root:wqe
INFO:root:new event
INFO:root:Нихуясе , ну да про3б с моей стороны но все же я уехал :(
INFO:root:new event
INFO:root:Тоже мне умник
INFO:root:new event
INFO:root:Да
INFO:root:new event
INFO:root:Даа
INFO:root:new event
INFO:root:Да
INFO:telethon.network.mtprotosender:Disconnecting from 149.154.167.51:443/TcpFull...
INFO:telethon.network.mtprotosender:Disconnection from 149.154.167.51:443/TcpFull complete!
INFO:telethon.network.mtprotosender:Not disconnecting (already have no connection)
